2025-05-11 13:03:08,890 WARNING vault_app: LOGIN FAILED for identifier='ggavajuc' from IP=127.0.0.1
2025-05-11 13:03:33,829 WARNING vault_app: LOGIN FAILED for identifier='ggavajuc' from IP=127.0.0.1
2025-05-11 13:04:34,479 WARNING vault_app: LOGIN FAILED for identifier='ggavajuc' from IP=127.0.0.1
2025-05-11 13:35:18,780 INFO vault_app: New user registered. Username: 'ggavajuc', Email: 'ganster.g@outlook.com'.
2025-05-11 13:39:09,488 WARNING vault_app: LOGIN FAILED for identifier='ggavajuc' from IP=127.0.0.1
2025-05-11 13:40:26,924 INFO vault_app: User 'ggavajuc' successfully logged in.
2025-05-11 13:41:07,108 INFO vault_app: User 'ggavajuc1' changed email from 'ganster.gg@outlook.com' to 'ganster.gg@outlook.com'.
2025-05-11 13:41:07,108 INFO vault_app: User 'ggavajuc1' updated their credentials.
2025-05-11 13:41:15,901 INFO vault_app: User 'ggavajuc' changed email from 'ganster.g@outlook.com' to 'ganster.g@outlook.com'.
2025-05-11 13:41:15,901 INFO vault_app: User 'ggavajuc' updated their credentials.
2025-05-11 13:52:30,137 INFO vault_app: User 'ggavajuc' changed their password.
2025-05-11 13:52:46,683 INFO vault_app: User 'ggavajuc' successfully logged in.
2025-05-11 14:12:32,982 INFO vault_app: User 'ggavajuc' successfully logged in.
2025-05-11 14:13:15,004 WARNING vault_app: LOGIN FAILED for identifier='ggavajuc' from IP=127.0.0.1
2025-05-11 14:13:33,020 WARNING vault_app: LOGIN FAILED for identifier='ggavajuc' from IP=127.0.0.1
2025-05-11 14:13:59,536 INFO vault_app: User 'ggavajuc' successfully logged in.
2025-05-11 14:25:48,519 INFO vault_app: User 'ggavajuc' successfully logged in.
2025-05-11 14:45:29,850 INFO vault_app: User 'ggavajuc' successfully logged in.
2025-05-11 14:47:15,939 INFO vault_app: User 'ggavajuc' successfully logged in.
2025-05-11 14:56:11,057 WARNING vault_app: LOGIN FAILED for identifier='ggavajuc' from IP=127.0.0.1
2025-05-11 14:56:19,422 INFO vault_app: User 'ggavajuc' successfully logged in.
2025-05-11 15:13:53,519 INFO vault_app: User 'ggavajuc' successfully logged in.
2025-05-11 15:23:05,388 INFO vault_app: New user registered. Username: 'ggavajuc', Email: 'ganster.g@outlook.com'.
2025-05-11 15:23:12,132 INFO vault_app: User 'ggavajuc' successfully logged in.
2025-05-11 15:31:35,183 WARNING vault_app: LOGIN FAILED for identifier='ggavajuc' from IP=127.0.0.1
2025-05-11 15:31:45,109 INFO vault_app: User 'ggavajuc' successfully logged in.
2025-05-11 15:40:52,667 INFO vault_app: User 'ggavajuc' successfully logged in.
2025-05-11 15:46:53,309 WARNING vault_app: LOGIN FAILED for identifier='ggavajuc' from IP=127.0.0.1
2025-05-11 15:47:01,840 INFO vault_app: User 'ggavajuc' successfully logged in.
2025-05-11 15:47:07,134 INFO vault_app: User 'ggavajuc' created a vault entry labeled 'asaaa'.
2025-05-11 15:47:21,531 INFO vault_app: User 'ggavajuc' created a vault entry labeled 'asaa'.
2025-05-11 15:47:30,602 INFO vault_app: User 'ggavajuc' created a vault entry labeled 'aa'.
2025-05-11 16:14:34,932 INFO vault_app: User 'ggavajuc' successfully logged in.
2025-05-11 16:28:12,260 INFO vault_app: User 'ggavajuc' successfully logged in.
2025-05-11 17:25:41,216 WARNING vault_app: LOGIN FAILED for identifier='ggavajuc' from IP=127.0.0.1
2025-05-11 17:25:48,805 INFO vault_app: User 'ggavajuc' successfully logged in.
2025-05-11 18:13:26,560 INFO vault_app: User 'ggavajuc' successfully logged in.
2025-05-11 18:13:45,732 INFO vault_app: User 'ggavajuc' successfully logged in.
2025-05-11 18:15:52,075 INFO vault_app: User 'ggavajuc' successfully logged in.
2025-05-11 18:19:45,141 INFO vault_app: User 'ggavajuc' successfully logged in.
2025-05-11 18:24:39,075 INFO vault_app: User 'ggavajuc' successfully logged in.
2025-05-11 18:32:07,154 INFO vault_app: User 'ggavajuc' successfully logged in.
2025-05-11 18:35:30,165 INFO vault_app: User 'ggavajuc' successfully logged in.
2025-05-11 18:42:47,795 WARNING vault_app: LOGIN FAILED for identifier='ggavajuc' from IP=127.0.0.1
2025-05-11 18:42:54,943 INFO vault_app: User 'ggavajuc' successfully logged in.
2025-05-11 18:42:59,801 INFO vault_app: User 'ggavajuc' edited a vault entry labeled 'asaaasasa'.
2025-05-11 18:57:36,133 INFO vault_app: User 'ggavajuc' edited a vault entry labeled 'asaaasasaaaa'.
2025-05-11 19:04:30,098 INFO vault_app: User 'ggavajuc' successfully logged in.
2025-05-11 19:17:38,843 WARNING vault_app: LOGIN FAILED for identifier='ggavajuc' from IP=127.0.0.1
2025-05-11 19:17:46,668 INFO vault_app: User 'ggavajuc' successfully logged in.
2025-05-11 19:51:55,237 INFO vault_app: User 'ggavajuc' successfully logged in.
2025-05-11 19:51:59,189 INFO vault_app: User 'ggavajuc' edited a vault entry labeled 'asaaasasaaaaaaa'.
2025-05-11 19:54:34,698 INFO vault_app: User 'ggavajuc' successfully logged in.
2025-05-11 19:54:44,700 INFO vault_app: User 'ggavajuc' edited a vault entry labeled 'asaaasasaaaaaaa'.
2025-05-11 20:05:30,230 WARNING vault_app: LOGIN FAILED for identifier='ggavajuc' from IP=127.0.0.1
2025-05-11 20:05:38,321 INFO vault_app: User 'ggavajuc' successfully logged in.
2025-05-11 20:10:18,969 INFO vault_app: User 'ggavajuc' successfully logged in.
2025-05-11 20:10:23,143 INFO vault_app: User 'ggavajuc' edited a vault entry websiteed 'asaaasasaaaaaaaaaa'.
2025-05-11 20:14:00,052 WARNING vault_app: LOGIN FAILED for identifier='ggavajuc' from IP=127.0.0.1
2025-05-11 20:14:07,721 INFO vault_app: User 'ggavajuc' successfully logged in.
2025-05-11 20:14:16,544 INFO vault_app: User 'ggavajuc' edited a vault entry websiteed 'asaaasasaaaaaaaaaa'.
2025-05-11 20:14:20,437 INFO vault_app: User 'ggavajuc' created a vault entry websiteed ''.
2025-05-11 20:17:04,195 INFO vault_app: User 'ggavajuc' successfully logged in.
2025-05-11 20:20:36,705 INFO vault_app: User 'ggavajuc' created a vault entry websiteed 'asa'.
2025-05-11 20:20:44,110 INFO vault_app: User 'ggavajuc' created a vault entry websiteed 'asa'.
2025-05-11 20:36:20,912 INFO vault_app: User 'ggavajuc' edited a vault entry websiteed 'asaaasasaaaaaaaaaa'.
2025-05-11 20:45:07,036 INFO vault_app: User 'ggavajuc' edited a vault entry websiteed 'asaaasasaaaaaaaaaa'.
2025-05-11 21:08:25,939 INFO vault_app: User 'ggavajuc' created a vault entry websiteed 'as'.
2025-05-11 21:08:30,064 INFO vault_app: User 'ggavajuc' created a vault entry websiteed 'aaa'.
2025-05-11 21:18:00,874 INFO vault_app: User 'ggavajuc' successfully logged in.
2025-05-11 21:29:04,544 INFO vault_app: User 'ggavajuc' created a vault entry websiteed 'asa'.
2025-05-11 21:36:52,624 INFO vault_app: User 'ggavajuc' successfully logged in.
2025-05-11 21:49:26,194 INFO vault_app: User 'ggavajuc' successfully logged in.
2025-05-11 21:57:14,019 INFO vault_app: User 'ggavajuc' successfully logged in.
